  proyecto.cpp
c:\program files (x86)\windows kits\10\include\10.0.17763.0\shared\minwindef.h(130): warning C4005: 'APIENTRY': redefinición de macro
  c:\users\user\desktop\semestre 8\computacion grafica\lab\p1\project1\project1\include\glfw3.h(98): note: vea la definición anterior de 'APIENTRY'
c:\users\user\desktop\semestre 8\computacion grafica\lab\p1\project1\project1\proyecto.cpp(471): warning C4244: 'argumento': conversión de 'double' a 'float'; posible pérdida de datos
c:\users\user\desktop\semestre 8\computacion grafica\lab\p1\project1\project1\proyecto.cpp(503): warning C4305: '+=': truncamiento de 'double' a 'float'
c:\users\user\desktop\semestre 8\computacion grafica\lab\p1\project1\project1\proyecto.cpp(504): warning C4305: '+=': truncamiento de 'double' a 'float'
c:\users\user\desktop\semestre 8\computacion grafica\lab\p1\project1\project1\proyecto.cpp(509): warning C4305: '=': truncamiento de 'double' a 'float'
c:\users\user\desktop\semestre 8\computacion grafica\lab\p1\project1\project1\proyecto.cpp(1734): warning C4305: '=': truncamiento de 'double' a 'ALfloat'
c:\users\user\desktop\semestre 8\computacion grafica\lab\p1\project1\project1\proyecto.cpp(1738): warning C4305: '=': truncamiento de 'double' a 'ALfloat'
c:\users\user\desktop\semestre 8\computacion grafica\lab\p1\project1\project1\proyecto.cpp(2108): warning C4244: 'argumento': conversión de 'double' a 'float'; posible pérdida de datos
c:\users\user\desktop\semestre 8\computacion grafica\lab\p1\project1\project1\proyecto.cpp(2115): warning C4244: 'argumento': conversión de 'double' a 'float'; posible pérdida de datos
LINK : warning LNK4075: se omite '/INCREMENTAL' debido a la especificación '/LTCG'
soil2-debug.lib(SOIL2.obj) : warning LNK4075: se omite '/EDITANDCONTINUE' debido a la especificación '/OPT:ICF'
LINK : warning LNK4098: la biblioteca predeterminada'MSVCRTD' entra en conflicto con otras bibliotecas; use la biblioteca /NODEFAULTLIB:biblioteca
  Generando código
  1 of 745 functions ( 0.1%) were compiled, the rest were copied from previous compilation.
    0 functions were new in current compilation
    1 functions had inline decision re-evaluated but remain unchanged
  Generación de código finalizada
soil2-debug.lib(etc1_utils.obj) : warning LNK4099: no se encontró PDB 'soil2-debug.pdb' con 'soil2-debug.lib(etc1_utils.obj)' o en 'C:\Users\user\Desktop\SEMESTRE 8\Computacion Grafica\LAB\P1\Project1\Release\soil2-debug.pdb'; se vinculará el objeto sin tener en cuenta información de depuración
soil2-debug.lib(image_DXT.obj) : warning LNK4099: no se encontró PDB 'soil2-debug.pdb' con 'soil2-debug.lib(image_DXT.obj)' o en 'C:\Users\user\Desktop\SEMESTRE 8\Computacion Grafica\LAB\P1\Project1\Release\soil2-debug.pdb'; se vinculará el objeto sin tener en cuenta información de depuración
soil2-debug.lib(image_helper.obj) : warning LNK4099: no se encontró PDB 'soil2-debug.pdb' con 'soil2-debug.lib(image_helper.obj)' o en 'C:\Users\user\Desktop\SEMESTRE 8\Computacion Grafica\LAB\P1\Project1\Release\soil2-debug.pdb'; se vinculará el objeto sin tener en cuenta información de depuración
soil2-debug.lib(SOIL2.obj) : warning LNK4099: no se encontró PDB 'soil2-debug.pdb' con 'soil2-debug.lib(SOIL2.obj)' o en 'C:\Users\user\Desktop\SEMESTRE 8\Computacion Grafica\LAB\P1\Project1\Release\soil2-debug.pdb'; se vinculará el objeto sin tener en cuenta información de depuración
  Project1.vcxproj -> C:\Users\user\Desktop\SEMESTRE 8\Computacion Grafica\LAB\P1\Project1\Release\Project1.exe
